0 info it worked if it ends with ok
1 verbose cli [ '/usr/local/bin/node',
1 verbose cli   '/usr/local/bin/npm',
1 verbose cli   'owner',
1 verbose cli   'ls',
1 verbose cli   'sachindrasrivastava.github.io' ]
2 info using npm@4.1.2
3 info using node@v7.6.0
4 silly mapToRegistry name sachindrasrivastava.github.io
5 silly mapToRegistry using default registry
6 silly mapToRegistry registry https://registry.npmjs.org/
7 silly mapToRegistry data Result {
7 silly mapToRegistry   raw: 'sachindrasrivastava.github.io',
7 silly mapToRegistry   scope: null,
7 silly mapToRegistry   escapedName: 'sachindrasrivastava.github.io',
7 silly mapToRegistry   name: 'sachindrasrivastava.github.io',
7 silly mapToRegistry   rawSpec: '',
7 silly mapToRegistry   spec: 'latest',
7 silly mapToRegistry   type: 'tag' }
8 silly mapToRegistry uri https://registry.npmjs.org/sachindrasrivastava.github.io
9 verbose request uri https://registry.npmjs.org/sachindrasrivastava.github.io
10 verbose request no auth needed
11 info attempt registry request try #1 at 7:56:42 PM
12 verbose request id ff28e0b3c1d18ac3
13 http request GET https://registry.npmjs.org/sachindrasrivastava.github.io
14 http 404 https://registry.npmjs.org/sachindrasrivastava.github.io
15 verbose headers { 'content-type': 'application/json',
15 verbose headers   'cache-control': 'max-age=0',
15 verbose headers   'content-length': '2',
15 verbose headers   'accept-ranges': 'bytes',
15 verbose headers   date: 'Thu, 09 Mar 2017 14:26:45 GMT',
15 verbose headers   via: '1.1 varnish',
15 verbose headers   age: '0',
15 verbose headers   connection: 'keep-alive',
15 verbose headers   'x-served-by': 'cache-ams4430-AMS',
15 verbose headers   'x-cache': 'MISS',
15 verbose headers   'x-cache-hits': '0',
15 verbose headers   'x-timer': 'S1489069604.678438,VS0,VE693',
15 verbose headers   vary: 'Accept-Encoding' }
16 silly get cb [ 404,
16 silly get   { 'content-type': 'application/json',
16 silly get     'cache-control': 'max-age=0',
16 silly get     'content-length': '2',
16 silly get     'accept-ranges': 'bytes',
16 silly get     date: 'Thu, 09 Mar 2017 14:26:45 GMT',
16 silly get     via: '1.1 varnish',
16 silly get     age: '0',
16 silly get     connection: 'keep-alive',
16 silly get     'x-served-by': 'cache-ams4430-AMS',
16 silly get     'x-cache': 'MISS',
16 silly get     'x-cache-hits': '0',
16 silly get     'x-timer': 'S1489069604.678438,VS0,VE693',
16 silly get     vary: 'Accept-Encoding' } ]
17 error owner ls Couldn't get owner data sachindrasrivastava.github.io
18 verbose stack Error: Registry returned 404 for GET on https://registry.npmjs.org/sachindrasrivastava.github.io
18 verbose stack     at makeError (/usr/local/lib/node_modules/npm/node_modules/npm-registry-client/lib/request.js:304:12)
18 verbose stack     at CachingRegistryClient.<anonymous> (/usr/local/lib/node_modules/npm/node_modules/npm-registry-client/lib/request.js:282:14)
18 verbose stack     at Request._callback (/usr/local/lib/node_modules/npm/node_modules/npm-registry-client/lib/request.js:212:14)
18 verbose stack     at Request.self.callback (/usr/local/lib/node_modules/npm/node_modules/request/request.js:186:22)
18 verbose stack     at emitTwo (events.js:106:13)
18 verbose stack     at Request.emit (events.js:192:7)
18 verbose stack     at Request.<anonymous> (/usr/local/lib/node_modules/npm/node_modules/request/request.js:1081:10)
18 verbose stack     at emitOne (events.js:96:13)
18 verbose stack     at Request.emit (events.js:189:7)
18 verbose stack     at IncomingMessage.<anonymous> (/usr/local/lib/node_modules/npm/node_modules/request/request.js:1001:12)
19 verbose statusCode 404
20 verbose pkgid sachindrasrivastava.github.io
21 verbose cwd /home/sachindra/reactjs-sach/sachindrasrivastava.github.io
22 error Linux 4.2.0-27-generic
23 error argv "/usr/local/bin/node" "/usr/local/bin/npm" "owner" "ls" "sachindrasrivastava.github.io"
24 error node v7.6.0
25 error npm  v4.1.2
26 error code E404
27 error 404 Registry returned 404 for GET on https://registry.npmjs.org/sachindrasrivastava.github.io
28 error 404
29 error 404 'sachindrasrivastava.github.io' is not in the npm registry.
30 error 404 You should bug the author to publish it (or use the name yourself!)
31 error 404 Note that you can also install from a
32 error 404 tarball, folder, http url, or git url.
33 verbose exit [ 1, true ]
